          ok  Starting native_osx for sync adcog_www
          ok  adcog_www container still running, restarting unison in container
unison: stopped
unison: started
     success  Sync container started
     success  Showing unison logs from your sync container: adcog_www
[2019-10-07 17:27:39 +0200] Sync Log:  [BGN] Copying app/cache/dev/twig/db from /app_sync to /host_sync
[2019-10-07 17:27:39 +0200] Sync Log:  [END] Copying app/cache/dev/twig/db
[2019-10-07 17:27:39 +0200] Sync Log:  [BGN] Copying app/cache/dev/twig/dc from /app_sync to /host_sync
[2019-10-07 17:27:39 +0200] Sync Log:  [END] Copying app/cache/dev/twig/dc
[2019-10-07 17:27:39 +0200] Sync Log:  [BGN] Copying app/cache/dev/twig/f3 from /app_sync to /host_sync
[2019-10-07 17:27:39 +0200] Sync Log:  [END] Copying app/cache/dev/twig/f3
[2019-10-07 17:27:39 +0200] Sync Log:  [BGN] Updating file app/logs/dev.log from /app_sync to /host_sync
[2019-10-07 17:27:39 +0200] Sync Log:  [END] Updating file app/logs/dev.log
[2019-10-07 17:27:39 +0200] Sync Log:  UNISON 2.51.2 (OCAML 4.06.1) finished propagating changes at 17:21:25.41 on 07 Oct 2019
[2019-10-07 17:27:39 +0200] Sync Log:  Synchronization complete at 17:21:25  (22 items transferred, 0 skipped, 0 failed)
          ok  Starting native_osx for sync adcog_www
          ok  adcog_www container still running, restarting unison in container
unison: stopped
unison: started
     success  Sync container started
     success  Showing unison logs from your sync container: adcog_www
          ok  Starting native_osx for sync adcog_www
          ok  adcog_www container still running, restarting unison in container
unison: stopped
unison: started
     success  Sync container started
     success  Showing unison logs from your sync container: adcog_www
[2019-10-07 17:31:32 +0200] Sync Log:  UNISON 2.51.2 (OCAML 4.06.1) started propagating changes at 17:31:32.14 on 07 Oct 2019
[2019-10-07 17:31:32 +0200] Sync Log:  [BGN] Copying app/cache/dev/profiler/ab from /app_sync to /host_sync
[2019-10-07 17:31:32 +0200] Sync Log:  [END] Copying app/cache/dev/profiler/ab
[2019-10-07 17:31:32 +0200] Sync Log:  [BGN] Updating file app/cache/dev/profiler/index.csv from /app_sync to /host_sync
[2019-10-07 17:31:32 +0200] Sync Log:  Failed: The source file /app_sync/app/cache/dev/profiler/index.csv
[2019-10-07 17:31:32 +0200] Sync Log:  has been modified during synchronization.  Transfer aborted.
[2019-10-07 17:31:32 +0200] Sync Log:  [BGN] Updating file app/cache/dev/sessions/sess_cvohtc623js4d6boanqv86hh06 from /app_sync to /host_sync
[2019-10-07 17:31:32 +0200] Sync Log:  Failed: The source file /app_sync/app/cache/dev/sessions/sess_cvohtc623js4d6boanqv86hh06
[2019-10-07 17:31:32 +0200] Sync Log:  has been modified during synchronization.  Transfer aborted.
[2019-10-07 17:31:32 +0200] Sync Log:  [BGN] Updating file app/logs/dev.log from /app_sync to /host_sync
[2019-10-07 17:31:32 +0200] Sync Log:  Failed: The source file /app_sync/app/logs/dev.log
[2019-10-07 17:31:32 +0200] Sync Log:  has been modified during synchronization.  Transfer aborted.
[2019-10-07 17:31:32 +0200] Sync Log:  UNISON 2.51.2 (OCAML 4.06.1) finished propagating changes at 17:31:32.27 on 07 Oct 2019
[2019-10-07 17:31:32 +0200] Sync Log:  Synchronization incomplete at 17:31:32  (1 item transferred, 0 skipped, 3 failed)
[2019-10-07 17:31:32 +0200] Sync Log:    failed: app/cache/dev/profiler/index.csv
[2019-10-07 17:31:32 +0200] Sync Log:    failed: app/cache/dev/sessions/sess_cvohtc623js4d6boanqv86hh06
[2019-10-07 17:31:32 +0200] Sync Log:    failed: app/logs/dev.log
[2019-10-07 17:31:33 +0200] Sync Log:  UNISON 2.51.2 (OCAML 4.06.1) started propagating changes at 17:31:33.33 on 07 Oct 2019
[2019-10-07 17:31:33 +0200] Sync Log:  [BGN] Copying app/cache/dev/profiler/6f from /app_sync to /host_sync
[2019-10-07 17:31:33 +0200] Sync Log:  [END] Copying app/cache/dev/profiler/6f
[2019-10-07 17:31:33 +0200] Sync Log:  [BGN] Updating file app/cache/dev/profiler/index.csv from /app_sync to /host_sync
[2019-10-07 17:31:33 +0200] Sync Log:  [END] Updating file app/cache/dev/profiler/index.csv
[2019-10-07 17:31:33 +0200] Sync Log:  [BGN] Updating file app/cache/dev/sessions/sess_cvohtc623js4d6boanqv86hh06 from /app_sync to /host_sync
[2019-10-07 17:31:33 +0200] Sync Log:  [END] Updating file app/cache/dev/sessions/sess_cvohtc623js4d6boanqv86hh06
[2019-10-07 17:31:33 +0200] Sync Log:  [BGN] Updating file app/logs/dev.log from /app_sync to /host_sync
[2019-10-07 17:31:33 +0200] Sync Log:  [END] Updating file app/logs/dev.log
[2019-10-07 17:31:33 +0200] Sync Log:  UNISON 2.51.2 (OCAML 4.06.1) finished propagating changes at 17:31:33.44 on 07 Oct 2019
[2019-10-07 17:31:33 +0200] Sync Log:  Synchronization complete at 17:31:33  (4 items transferred, 0 skipped, 0 failed)
[2019-10-07 17:31:36 +0200] Sync Log:  UNISON 2.51.2 (OCAML 4.06.1) started propagating changes at 17:31:35.99 on 07 Oct 2019
[2019-10-07 17:31:36 +0200] Sync Log:  [BGN] Copying app/cache/dev/profiler/0e from /app_sync to /host_sync
[2019-10-07 17:31:36 +0200] Sync Log:  [END] Copying app/cache/dev/profiler/0e
[2019-10-07 17:31:36 +0200] Sync Log:  [BGN] Updating file app/cache/dev/profiler/index.csv from /app_sync to /host_sync
[2019-10-07 17:31:36 +0200] Sync Log:  [END] Updating file app/cache/dev/profiler/index.csv
[2019-10-07 17:31:36 +0200] Sync Log:  [BGN] Copying app/cache/dev/twig/08 from /app_sync to /host_sync
[2019-10-07 17:31:36 +0200] Sync Log:  [END] Copying app/cache/dev/twig/08
[2019-10-07 17:31:36 +0200] Sync Log:  UNISON 2.51.2 (OCAML 4.06.1) finished propagating changes at 17:31:36.02 on 07 Oct 2019
[2019-10-07 17:31:36 +0200] Sync Log:  Synchronization complete at 17:31:36  (3 items transferred, 0 skipped, 0 failed)
[2019-10-07 17:31:37 +0200] Sync Log:  UNISON 2.51.2 (OCAML 4.06.1) started propagating changes at 17:31:37.11 on 07 Oct 2019
[2019-10-07 17:31:37 +0200] Sync Log:  [BGN] Updating file app/cache/dev/sessions/sess_cvohtc623js4d6boanqv86hh06 from /app_sync to /host_sync
[2019-10-07 17:31:37 +0200] Sync Log:  [END] Updating file app/cache/dev/sessions/sess_cvohtc623js4d6boanqv86hh06
[2019-10-07 17:31:37 +0200] Sync Log:  [BGN] Updating file app/logs/dev.log from /app_sync to /host_sync
[2019-10-07 17:31:37 +0200] Sync Log:  [END] Updating file app/logs/dev.log
[2019-10-07 17:31:37 +0200] Sync Log:  UNISON 2.51.2 (OCAML 4.06.1) finished propagating changes at 17:31:37.18 on 07 Oct 2019
[2019-10-07 17:31:37 +0200] Sync Log:  Synchronization complete at 17:31:37  (2 items transferred, 0 skipped, 0 failed)
[2019-10-07 17:31:39 +0200] Sync Log:  UNISON 2.51.2 (OCAML 4.06.1) started propagating changes at 17:31:39.22 on 07 Oct 2019
[2019-10-07 17:31:39 +0200] Sync Log:  [BGN] Copying app/cache/dev/profiler/e4 from /app_sync to /host_sync
[2019-10-07 17:31:39 +0200] Sync Log:  [END] Copying app/cache/dev/profiler/e4
[2019-10-07 17:31:39 +0200] Sync Log:  [BGN] Updating file app/cache/dev/profiler/index.csv from /app_sync to /host_sync
[2019-10-07 17:31:39 +0200] Sync Log:  [END] Updating file app/cache/dev/profiler/index.csv
[2019-10-07 17:31:39 +0200] Sync Log:  [BGN] Copying app/cache/dev/twig/50 from /app_sync to /host_sync
[2019-10-07 17:31:39 +0200] Sync Log:  [END] Copying app/cache/dev/twig/50
[2019-10-07 17:31:39 +0200] Sync Log:  [BGN] Copying app/cache/dev/twig/58 from /app_sync to /host_sync
[2019-10-07 17:31:39 +0200] Sync Log:  [END] Copying app/cache/dev/twig/58
[2019-10-07 17:31:39 +0200] Sync Log:  [BGN] Copying app/cache/dev/twig/96/35 from /app_sync to /host_sync
[2019-10-07 17:31:39 +0200] Sync Log:  [END] Copying app/cache/dev/twig/96/35
[2019-10-07 17:31:39 +0200] Sync Log:  [BGN] Copying app/cache/dev/twig/a3 from /app_sync to /host_sync
[2019-10-07 17:31:39 +0200] Sync Log:  [END] Copying app/cache/dev/twig/a3
[2019-10-07 17:31:39 +0200] Sync Log:  UNISON 2.51.2 (OCAML 4.06.1) finished propagating changes at 17:31:39.30 on 07 Oct 2019
[2019-10-07 17:31:39 +0200] Sync Log:  Synchronization complete at 17:31:39  (6 items transferred, 0 skipped, 0 failed)
[2019-10-07 17:31:40 +0200] Sync Log:  UNISON 2.51.2 (OCAML 4.06.1) started propagating changes at 17:31:40.38 on 07 Oct 2019
[2019-10-07 17:31:40 +0200] Sync Log:  [BGN] Updating file app/cache/dev/sessions/sess_cvohtc623js4d6boanqv86hh06 from /app_sync to /host_sync
[2019-10-07 17:31:40 +0200] Sync Log:  [END] Updating file app/cache/dev/sessions/sess_cvohtc623js4d6boanqv86hh06
[2019-10-07 17:31:40 +0200] Sync Log:  UNISON 2.51.2 (OCAML 4.06.1) finished propagating changes at 17:31:40.39 on 07 Oct 2019
[2019-10-07 17:31:40 +0200] Sync Log:  Synchronization complete at 17:31:40  (1 item transferred, 0 skipped, 0 failed)
[2019-10-07 17:31:41 +0200] Sync Log:  UNISON 2.51.2 (OCAML 4.06.1) started propagating changes at 17:31:41.43 on 07 Oct 2019
[2019-10-07 17:31:41 +0200] Sync Log:  [BGN] Updating file app/logs/dev.log from /app_sync to /host_sync
[2019-10-07 17:31:41 +0200] Sync Log:  [END] Updating file app/logs/dev.log
[2019-10-07 17:31:41 +0200] Sync Log:  UNISON 2.51.2 (OCAML 4.06.1) finished propagating changes at 17:31:41.49 on 07 Oct 2019
[2019-10-07 17:31:41 +0200] Sync Log:  Synchronization complete at 17:31:41  (1 item transferred, 0 skipped, 0 failed)
